<?xml version="1.0" encoding="UTF-8"?>
<!-- Generated by org.testng.reporters.JUnitReportReporter -->
<testsuite hostname="LAPTOP-28BLMORI" failures="0" tests="1" name="com.crm.Testdata.TestScript" time="17.802" errors="0" timestamp="2024-12-11T18:05:49 IST" skipped="0">
  <testcase classname="com.crm.Testdata.TestScript" name="testCase" time="17.802"/>
</testsuite> <!-- com.crm.Testdata.TestScript -->
